This is pdfTeX, Version 3.14159265-2.6-1.40.16 (TeX Live 2015/Debian) (preloaded format=pdflatex 2017.1.2)  4 MAY 2017 12:58
entering extended mode
 restricted \write18 enabled.
 %&-line parsing enabled.
**dissertation.tex
(./dissertation.tex
LaTeX2e <2016/02/01>
Babel <3.9q> and hyphenation patterns for 3 language(s) loaded.
(/usr/share/texlive/texmf-dist/tex/latex/base/report.cls
Document Class: report 2014/09/29 v1.4h Standard LaTeX document class
(/usr/share/texlive/texmf-dist/tex/latex/base/size12.clo
File: size12.clo 2014/09/29 v1.4h Standard LaTeX file (size option)
)
\c@part=\count79
\c@chapter=\count80
\c@section=\count81
\c@subsection=\count82
\c@subsubsection=\count83
\c@paragraph=\count84
\c@subparagraph=\count85
\c@figure=\count86
\c@table=\count87
\abovecaptionskip=\skip41
\belowcaptionskip=\skip42
\bibindent=\dimen102
)
(/usr/share/texlive/texmf-dist/tex/latex/setspace/setspace.sty
Package: setspace 2011/12/19 v6.7a set line spacing
)
(/usr/share/texlive/texmf-dist/tex/latex/url/url.sty
\Urlmuskip=\muskip10
Package: url 2013/09/16  ver 3.4  Verb mode for urls, etc.
)
(/usr/share/texlive/texmf-dist/tex/latex/graphics/epsfig.sty
Package: epsfig 1999/02/16 v1.7a (e)psfig emulation (SPQR)

(/usr/share/texlive/texmf-dist/tex/latex/graphics/graphicx.sty
Package: graphicx 2014/10/28 v1.0g Enhanced LaTeX Graphics (DPC,SPQR)

(/usr/share/texlive/texmf-dist/tex/latex/graphics/keyval.sty
Package: keyval 2014/10/28 v1.15 key=value parser (DPC)
\KV@toks@=\toks14
)
(/usr/share/texlive/texmf-dist/tex/latex/graphics/graphics.sty
Package: graphics 2016/01/03 v1.0q Standard LaTeX Graphics (DPC,SPQR)

(/usr/share/texlive/texmf-dist/tex/latex/graphics/trig.sty
Package: trig 2016/01/03 v1.10 sin cos tan (DPC)
)
(/usr/share/texlive/texmf-dist/tex/latex/latexconfig/graphics.cfg
File: graphics.cfg 2010/04/23 v1.9 graphics configuration of TeX Live
)
Package graphics Info: Driver file: pdftex.def on input line 95.

(/usr/share/texlive/texmf-dist/tex/latex/pdftex-def/pdftex.def
File: pdftex.def 2011/05/27 v0.06d Graphics/color for pdfTeX

(/usr/share/texlive/texmf-dist/tex/generic/oberdiek/infwarerr.sty
Package: infwarerr 2010/04/08 v1.3 Providing info/warning/error messages (HO)
)
(/usr/share/texlive/texmf-dist/tex/generic/oberdiek/ltxcmds.sty
Package: ltxcmds 2011/11/09 v1.22 LaTeX kernel commands for general use (HO)
)
\Gread@gobject=\count88
))
\Gin@req@height=\dimen103
\Gin@req@width=\dimen104
)
\epsfxsize=\dimen105
\epsfysize=\dimen106
)
(/usr/share/texlive/texmf-dist/tex/latex/base/makeidx.sty
Package: makeidx 2014/09/29 v1.0m Standard LaTeX package
)
(/usr/share/texlive/texmf-dist/tex/latex/tools/multicol.sty
Package: multicol 2015/08/19 v1.8n multicolumn formatting (FMi)
\c@tracingmulticols=\count89
\mult@box=\box26
\multicol@leftmargin=\dimen107
\c@unbalance=\count90
\c@collectmore=\count91
\doublecol@number=\count92
\multicoltolerance=\count93
\multicolpretolerance=\count94
\full@width=\dimen108
\page@free=\dimen109
\premulticols=\dimen110
\postmulticols=\dimen111
\multicolsep=\skip43
\multicolbaselineskip=\skip44
\partial@page=\box27
\last@line=\box28
\maxbalancingoverflow=\dimen112
\mult@rightbox=\box29
\mult@grightbox=\box30
\mult@gfirstbox=\box31
\mult@firstbox=\box32
\@tempa=\box33
\@tempa=\box34
\@tempa=\box35
\@tempa=\box36
\@tempa=\box37
\@tempa=\box38
\@tempa=\box39
\@tempa=\box40
\@tempa=\box41
\@tempa=\box42
\@tempa=\box43
\@tempa=\box44
\@tempa=\box45
\@tempa=\box46
\@tempa=\box47
\@tempa=\box48
\@tempa=\box49
\c@columnbadness=\count95
\c@finalcolumnbadness=\count96
\last@try=\dimen113
\multicolovershoot=\dimen114
\multicolundershoot=\dimen115
\mult@nat@firstbox=\box50
\colbreak@box=\box51
\mc@col@check@num=\count97
)
(/usr/share/texmf/tex/latex/footmisc.sty
Package: footmisc 2011/06/06 v5.5b a miscellany of footnote facilities
\FN@temptoken=\toks15
\footnotemargin=\dimen116
\c@pp@next@reset=\count98
Package footmisc Info: Declaring symbol style bringhurst on input line 855.
Package footmisc Info: Declaring symbol style chicago on input line 863.
Package footmisc Info: Declaring symbol style wiley on input line 872.
Package footmisc Info: Declaring symbol style lamport-robust on input line 883.

Package footmisc Info: Declaring symbol style lamport* on input line 903.
Package footmisc Info: Declaring symbol style lamport*-robust on input line 924
.
)
(/usr/share/texlive/texmf-dist/tex/latex/subfig/subfig.sty
Package: subfig 2005/06/28 ver: 1.3 subfig package

(/usr/share/texlive/texmf-dist/tex/latex/caption/caption.sty
Package: caption 2016/02/21 v3.3-144 Customizing captions (AR)

(/usr/share/texlive/texmf-dist/tex/latex/caption/caption3.sty
Package: caption3 2016/02/04 v1.7-139 caption3 kernel (AR)
Package caption3 Info: TeX engine: e-TeX on input line 67.
\captionmargin=\dimen117
\captionmargin@=\dimen118
\captionwidth=\dimen119
\caption@tempdima=\dimen120
\caption@indent=\dimen121
\caption@parindent=\dimen122
\caption@hangindent=\dimen123
)
\c@ContinuedFloat=\count99
)
\c@KVtest=\count100
\sf@farskip=\skip45
\sf@captopadj=\dimen124
\sf@capskip=\skip46
\sf@nearskip=\skip47
\c@subfigure=\count101
\c@subfigure@save=\count102
\c@lofdepth=\count103
\c@subtable=\count104
\c@subtable@save=\count105
\c@lotdepth=\count106
\sf@top=\skip48
\sf@bottom=\skip49
)
(/usr/share/texlive/texmf-dist/tex/latex/tools/tabularx.sty
Package: tabularx 2014/10/28 v2.10 `tabularx' package (DPC)

(/usr/share/texlive/texmf-dist/tex/latex/tools/array.sty
Package: array 2014/10/28 v2.4c Tabular extension package (FMi)
\col@sep=\dimen125
\extrarowheight=\dimen126
\NC@list=\toks16
\extratabsurround=\skip50
\backup@length=\skip51
)
\TX@col@width=\dimen127
\TX@old@table=\dimen128
\TX@old@col=\dimen129
\TX@target=\dimen130
\TX@delta=\dimen131
\TX@cols=\count107
\TX@ftn=\toks17
)
(/usr/share/texlive/texmf-dist/tex/latex/ms/ragged2e.sty
Package: ragged2e 2009/05/21 v2.1 ragged2e Package (MS)

(/usr/share/texlive/texmf-dist/tex/latex/ms/everysel.sty
Package: everysel 2011/10/28 v1.2 EverySelectfont Package (MS)
)
\CenteringLeftskip=\skip52
\RaggedLeftLeftskip=\skip53
\RaggedRightLeftskip=\skip54
\CenteringRightskip=\skip55
\RaggedLeftRightskip=\skip56
\RaggedRightRightskip=\skip57
\CenteringParfillskip=\skip58
\RaggedLeftParfillskip=\skip59
\RaggedRightParfillskip=\skip60
\JustifyingParfillskip=\skip61
\CenteringParindent=\skip62
\RaggedLeftParindent=\skip63
\RaggedRightParindent=\skip64
\JustifyingParindent=\skip65
)
(/usr/share/texlive/texmf-dist/tex/latex/hyperref/hyperref.sty
Package: hyperref 2012/11/06 v6.83m Hypertext links for LaTeX

(/usr/share/texlive/texmf-dist/tex/generic/oberdiek/hobsub-hyperref.sty
Package: hobsub-hyperref 2012/05/28 v1.13 Bundle oberdiek, subset hyperref (HO)


(/usr/share/texlive/texmf-dist/tex/generic/oberdiek/hobsub-generic.sty
Package: hobsub-generic 2012/05/28 v1.13 Bundle oberdiek, subset generic (HO)
Package: hobsub 2012/05/28 v1.13 Construct package bundles (HO)
Package hobsub Info: Skipping package `infwarerr' (already loaded).
Package hobsub Info: Skipping package `ltxcmds' (already loaded).
Package: ifluatex 2010/03/01 v1.3 Provides the ifluatex switch (HO)
Package ifluatex Info: LuaTeX not detected.
Package: ifvtex 2010/03/01 v1.5 Detect VTeX and its facilities (HO)
Package ifvtex Info: VTeX not detected.
Package: intcalc 2007/09/27 v1.1 Expandable calculations with integers (HO)
Package: ifpdf 2011/01/30 v2.3 Provides the ifpdf switch (HO)
Package ifpdf Info: pdfTeX in PDF mode is detected.
Package: etexcmds 2011/02/16 v1.5 Avoid name clashes with e-TeX commands (HO)
Package etexcmds Info: Could not find \expanded.
(etexcmds)             That can mean that you are not using pdfTeX 1.50 or
(etexcmds)             that some package has redefined \expanded.
(etexcmds)             In the latter case, load this package earlier.
Package: kvsetkeys 2012/04/25 v1.16 Key value parser (HO)
Package: kvdefinekeys 2011/04/07 v1.3 Define keys (HO)
Package: pdftexcmds 2011/11/29 v0.20 Utility functions of pdfTeX for LuaTeX (HO
)
Package pdftexcmds Info: LuaTeX not detected.
Package pdftexcmds Info: \pdf@primitive is available.
Package pdftexcmds Info: \pdf@ifprimitive is available.
Package pdftexcmds Info: \pdfdraftmode found.
Package: pdfescape 2011/11/25 v1.13 Implements pdfTeX's escape features (HO)
Package: bigintcalc 2012/04/08 v1.3 Expandable calculations on big integers (HO
)
Package: bitset 2011/01/30 v1.1 Handle bit-vector datatype (HO)
Package: uniquecounter 2011/01/30 v1.2 Provide unlimited unique counter (HO)
)
Package hobsub Info: Skipping package `hobsub' (already loaded).
Package: letltxmacro 2010/09/02 v1.4 Let assignment for LaTeX macros (HO)
Package: hopatch 2012/05/28 v1.2 Wrapper for package hooks (HO)
Package: xcolor-patch 2011/01/30 xcolor patch
Package: atveryend 2011/06/30 v1.8 Hooks at the very end of document (HO)
Package atveryend Info: \enddocument detected (standard20110627).
Package: atbegshi 2011/10/05 v1.16 At begin shipout hook (HO)
Package: refcount 2011/10/16 v3.4 Data extraction from label references (HO)
Package: hycolor 2011/01/30 v1.7 Color options for hyperref/bookmark (HO)
)
(/usr/share/texlive/texmf-dist/tex/generic/ifxetex/ifxetex.sty
Package: ifxetex 2010/09/12 v0.6 Provides ifxetex conditional
)
(/usr/share/texlive/texmf-dist/tex/latex/oberdiek/auxhook.sty
Package: auxhook 2011/03/04 v1.3 Hooks for auxiliary files (HO)
)
(/usr/share/texlive/texmf-dist/tex/latex/oberdiek/kvoptions.sty
Package: kvoptions 2011/06/30 v3.11 Key value format for package options (HO)
)
\@linkdim=\dimen132
\Hy@linkcounter=\count108
\Hy@pagecounter=\count109

(/usr/share/texlive/texmf-dist/tex/latex/hyperref/pd1enc.def
File: pd1enc.def 2012/11/06 v6.83m Hyperref: PDFDocEncoding definition (HO)
)
\Hy@SavedSpaceFactor=\count110

(/usr/share/texlive/texmf-dist/tex/latex/latexconfig/hyperref.cfg
File: hyperref.cfg 2002/06/06 v1.2 hyperref configuration of TeXLive
)
Package hyperref Info: Hyper figures OFF on input line 4443.
Package hyperref Info: Link nesting OFF on input line 4448.
Package hyperref Info: Hyper index ON on input line 4451.
Package hyperref Info: Plain pages OFF on input line 4458.
Package hyperref Info: Backreferencing OFF on input line 4463.
Package hyperref Info: Implicit mode ON; LaTeX internals redefined.
Package hyperref Info: Bookmarks ON on input line 4688.
\c@Hy@tempcnt=\count111
LaTeX Info: Redefining \url on input line 5041.
\XeTeXLinkMargin=\dimen133
\Fld@menulength=\count112
\Field@Width=\dimen134
\Fld@charsize=\dimen135
Package hyperref Info: Hyper figures OFF on input line 6295.
Package hyperref Info: Link nesting OFF on input line 6300.
Package hyperref Info: Hyper index ON on input line 6303.
Package hyperref Info: backreferencing OFF on input line 6310.
Package hyperref Info: Link coloring OFF on input line 6315.
Package hyperref Info: Link coloring with OCG OFF on input line 6320.
Package hyperref Info: PDF/A mode OFF on input line 6325.
LaTeX Info: Redefining \ref on input line 6365.
LaTeX Info: Redefining \pageref on input line 6369.
\Hy@abspage=\count113
\c@Item=\count114
\c@Hfootnote=\count115
)

Package hyperref Message: Driver (autodetected): hpdftex.

(/usr/share/texlive/texmf-dist/tex/latex/hyperref/hpdftex.def
File: hpdftex.def 2012/11/06 v6.83m Hyperref driver for pdfTeX
\Fld@listcount=\count116
\c@bookmark@seq@number=\count117

(/usr/share/texlive/texmf-dist/tex/latex/oberdiek/rerunfilecheck.sty
Package: rerunfilecheck 2011/04/15 v1.7 Rerun checks for auxiliary files (HO)
Package uniquecounter Info: New unique counter `rerunfilecheck' on input line 2
82.
)
\Hy@SectionHShift=\skip66
)
(/usr/share/texlive/texmf-dist/tex/latex/float/float.sty
Package: float 2001/11/08 v1.3d Float enhancements (AL)
\c@float@type=\count118
\float@exts=\toks18
\float@box=\box52
\@float@everytoks=\toks19
\@floatcapt=\box53
)
(/usr/share/texlive/texmf-dist/tex/latex/mathtools/mathtools.sty
Package: mathtools 2015/11/12 v1.18 mathematical typesetting tools

(/usr/share/texlive/texmf-dist/tex/latex/tools/calc.sty
Package: calc 2014/10/28 v4.3 Infix arithmetic (KKT,FJ)
\calc@Acount=\count119
\calc@Bcount=\count120
\calc@Adimen=\dimen136
\calc@Bdimen=\dimen137
\calc@Askip=\skip67
\calc@Bskip=\skip68
LaTeX Info: Redefining \setlength on input line 80.
LaTeX Info: Redefining \addtolength on input line 81.
\calc@Ccount=\count121
\calc@Cskip=\skip69
)
(/usr/share/texlive/texmf-dist/tex/latex/mathtools/mhsetup.sty
Package: mhsetup 2010/01/21 v1.2a programming setup (MH)
)
(/usr/share/texlive/texmf-dist/tex/latex/amsmath/amsmath.sty
Package: amsmath 2016/03/03 v2.15a AMS math features
\@mathmargin=\skip70

For additional information on amsmath, use the `?' option.
(/usr/share/texlive/texmf-dist/tex/latex/amsmath/amstext.sty
Package: amstext 2000/06/29 v2.01 AMS text

(/usr/share/texlive/texmf-dist/tex/latex/amsmath/amsgen.sty
File: amsgen.sty 1999/11/30 v2.0 generic functions
\@emptytoks=\toks20
\ex@=\dimen138
))
(/usr/share/texlive/texmf-dist/tex/latex/amsmath/amsbsy.sty
Package: amsbsy 1999/11/29 v1.2d Bold Symbols
\pmbraise@=\dimen139
)
(/usr/share/texlive/texmf-dist/tex/latex/amsmath/amsopn.sty
Package: amsopn 1999/12/14 v2.01 operator names
)
\inf@bad=\count122
LaTeX Info: Redefining \frac on input line 199.
\uproot@=\count123
\leftroot@=\count124
LaTeX Info: Redefining \overline on input line 297.
\classnum@=\count125
\DOTSCASE@=\count126
LaTeX Info: Redefining \ldots on input line 394.
LaTeX Info: Redefining \dots on input line 397.
LaTeX Info: Redefining \cdots on input line 518.
\Mathstrutbox@=\box54
\strutbox@=\box55
\big@size=\dimen140
LaTeX Font Info:    Redeclaring font encoding OML on input line 630.
LaTeX Font Info:    Redeclaring font encoding OMS on input line 631.
\macc@depth=\count127
\c@MaxMatrixCols=\count128
\dotsspace@=\muskip11
\c@parentequation=\count129
\dspbrk@lvl=\count130
\tag@help=\toks21
\row@=\count131
\column@=\count132
\maxfields@=\count133
\andhelp@=\toks22
\eqnshift@=\dimen141
\alignsep@=\dimen142
\tagshift@=\dimen143
\tagwidth@=\dimen144
\totwidth@=\dimen145
\lineht@=\dimen146
\@envbody=\toks23
\multlinegap=\skip71
\multlinetaggap=\skip72
\mathdisplay@stack=\toks24
LaTeX Info: Redefining \[ on input line 2735.
LaTeX Info: Redefining \] on input line 2736.
)
LaTeX Info: Thecontrolsequence`\('isalreadyrobust on input line 129.
LaTeX Info: Thecontrolsequence`\)'isalreadyrobust on input line 129.
LaTeX Info: Thecontrolsequence`\['isalreadyrobust on input line 129.
LaTeX Info: Thecontrolsequence`\]'isalreadyrobust on input line 129.
\g_MT_multlinerow_int=\count134
\l_MT_multwidth_dim=\dimen147
\origjot=\skip73
\l_MT_shortvdotswithinadjustabove_dim=\dimen148
\l_MT_shortvdotswithinadjustbelow_dim=\dimen149
\l_MT_above_intertext_sep=\dimen150
\l_MT_below_intertext_sep=\dimen151
\l_MT_above_shortintertext_sep=\dimen152
\l_MT_below_shortintertext_sep=\dimen153
)
(/usr/share/texlive/texmf-dist/tex/latex/l3packages/xparse/xparse.sty
(/usr/share/texlive/texmf-dist/tex/latex/l3kernel/expl3.sty
Package: expl3 2016/01/19 v6377 L3 programming layer (loader) 

(/usr/share/texlive/texmf-dist/tex/latex/l3kernel/expl3-code.tex
Package: expl3 2016/01/19 v6377 L3 programming layer (code)
L3 Module: l3bootstrap 2016/01/01 v6339 L3 Bootstrap code
L3 Module: l3names 2015/12/21 v6328 L3 Namespace for primitives
L3 Module: l3basics 2015/11/22 v6315 L3 Basic definitions
L3 Module: l3expan 2015/09/10 v5983 L3 Argument expansion
L3 Module: l3tl 2015/09/29 v6121 L3 Token lists
L3 Module: l3str 2016/01/03 v6357 L3 Strings
L3 Module: l3seq 2015/08/05 v5777 L3 Sequences and stacks
L3 Module: l3int 2016/01/05 v6366 L3 Integers
\c_max_int=\count135
\l_tmpa_int=\count136
\l_tmpb_int=\count137
\g_tmpa_int=\count138
\g_tmpb_int=\count139
L3 Module: l3quark 2015/08/17 v5855 L3 Quarks
L3 Module: l3prg 2015/11/01 v6216 L3 Control structures
\g__prg_map_int=\count140
L3 Module: l3clist 2015/09/02 v5901 L3 Comma separated lists
L3 Module: l3token 2015/11/11 v6249 L3 Experimental token manipulation
L3 Module: l3prop 2016/01/05 v6366 L3 Property lists
L3 Module: l3msg 2015/09/28 v6113 L3 Messages
L3 Module: l3file 2015/12/03 v6317 L3 File and I/O operations
\l_iow_line_count_int=\count141
\l__iow_target_count_int=\count142
\l__iow_current_line_int=\count143
\l__iow_current_word_int=\count144
\l__iow_current_indentation_int=\count145
L3 Module: l3skip 2016/01/05 v6366 L3 Dimensions and skips
\c_zero_dim=\dimen154
\c_max_dim=\dimen155
\l_tmpa_dim=\dimen156
\l_tmpb_dim=\dimen157
\g_tmpa_dim=\dimen158
\g_tmpb_dim=\dimen159
\c_zero_skip=\skip74
\c_max_skip=\skip75
\l_tmpa_skip=\skip76
\l_tmpb_skip=\skip77
\g_tmpa_skip=\skip78
\g_tmpb_skip=\skip79
\c_zero_muskip=\muskip12
\c_max_muskip=\muskip13
\l_tmpa_muskip=\muskip14
\l_tmpb_muskip=\muskip15
\g_tmpa_muskip=\muskip16
\g_tmpb_muskip=\muskip17
L3 Module: l3keys 2015/11/17 v6284 L3 Key-value interfaces
\g__keyval_level_int=\count146
\l_keys_choice_int=\count147
L3 Module: l3fp 2015/08/25 v5890 L3 Floating points
\c__fp_leading_shift_int=\count148
\c__fp_middle_shift_int=\count149
\c__fp_trailing_shift_int=\count150
\c__fp_big_leading_shift_int=\count151
\c__fp_big_middle_shift_int=\count152
\c__fp_big_trailing_shift_int=\count153
\c__fp_Bigg_leading_shift_int=\count154
\c__fp_Bigg_middle_shift_int=\count155
\c__fp_Bigg_trailing_shift_int=\count156
L3 Module: l3box 2015/08/09 v5822 L3 Experimental boxes
\c_empty_box=\box56
\l_tmpa_box=\box57
\l_tmpb_box=\box58
\g_tmpa_box=\box59
\g_tmpb_box=\box60
L3 Module: l3coffins 2015/08/06 v5789 L3 Coffin code layer
\l__coffin_internal_box=\box61
\l__coffin_internal_dim=\dimen160
\l__coffin_offset_x_dim=\dimen161
\l__coffin_offset_y_dim=\dimen162
\l__coffin_x_dim=\dimen163
\l__coffin_y_dim=\dimen164
\l__coffin_x_prime_dim=\dimen165
\l__coffin_y_prime_dim=\dimen166
\c_empty_coffin=\box62
\l__coffin_aligned_coffin=\box63
\l__coffin_aligned_internal_coffin=\box64
\l_tmpa_coffin=\box65
\l_tmpb_coffin=\box66
\l__coffin_display_coffin=\box67
\l__coffin_display_coord_coffin=\box68
\l__coffin_display_pole_coffin=\box69
\l__coffin_display_offset_dim=\dimen167
\l__coffin_display_x_dim=\dimen168
\l__coffin_display_y_dim=\dimen169
L3 Module: l3color 2014/08/23 v5354 L3 Experimental color support
L3 Module: l3sys 2015/09/25 v6087 L3 Experimental system/runtime functions
L3 Module: l3candidates 2016/01/14 v6376 L3 Experimental additions to l3kernel
\l__box_top_dim=\dimen170
\l__box_bottom_dim=\dimen171
\l__box_left_dim=\dimen172
\l__box_right_dim=\dimen173
\l__box_top_new_dim=\dimen174
\l__box_bottom_new_dim=\dimen175
\l__box_left_new_dim=\dimen176
\l__box_right_new_dim=\dimen177
\l__box_internal_box=\box70
\l__coffin_bounding_shift_dim=\dimen178
\l__coffin_left_corner_dim=\dimen179
\l__coffin_right_corner_dim=\dimen180
\l__coffin_bottom_corner_dim=\dimen181
\l__coffin_top_corner_dim=\dimen182
\l__coffin_scaled_total_height_dim=\dimen183
\l__coffin_scaled_width_dim=\dimen184
L3 Module: l3luatex 2015/11/11 v6250 L3 Experimental LuaTeX-specific functions
)
(/usr/share/texlive/texmf-dist/tex/latex/l3kernel/l3pdfmode.def
File: l3pdfmode.def 2015/11/11 v6250 L3 Experimental driver: PDF mode
\l__driver_color_stack_int=\count157
))
Package: xparse 2016/01/19 v6377 L3 Experimental document command parser
\l__xparse_current_arg_int=\count158
\l__xparse_m_args_int=\count159
\l__xparse_mandatory_args_int=\count160
\l__xparse_processor_int=\count161
\l__xparse_v_nesting_int=\count162
)
.................................................
. LaTeX info: "xparse/define-command"
. 
. Defining command \normL with sig. ' s O{} m ' on line 23.
.................................................

(/usr/share/texlive/texmf-dist/tex/latex/booktabs/booktabs.sty
Package: booktabs 2005/04/14 v1.61803 publication quality tables
\heavyrulewidth=\dimen185
\lightrulewidth=\dimen186
\cmidrulewidth=\dimen187
\belowrulesep=\dimen188
\belowbottomsep=\dimen189
\aboverulesep=\dimen190
\abovetopsep=\dimen191
\cmidrulesep=\dimen192
\cmidrulekern=\dimen193
\defaultaddspace=\dimen194
\@cmidla=\count163
\@cmidlb=\count164
\@aboverulesep=\dimen195
\@belowrulesep=\dimen196
\@thisruleclass=\count165
\@lastruleclass=\count166
\@thisrulewidth=\dimen197
)
(/usr/share/texlive/texmf-dist/tex/latex/xcolor/xcolor.sty
Package: xcolor 2007/01/21 v2.11 LaTeX color extensions (UK)

(/usr/share/texlive/texmf-dist/tex/latex/latexconfig/color.cfg
File: color.cfg 2007/01/18 v1.5 color configuration of teTeX/TeXLive
)
Package xcolor Info: Driver file: pdftex.def on input line 225.
Package xcolor Info: Model `cmy' substituted by `cmy0' on input line 1337.
Package xcolor Info: Model `hsb' substituted by `rgb' on input line 1341.
Package xcolor Info: Model `RGB' extended on input line 1353.
Package xcolor Info: Model `HTML' substituted by `rgb' on input line 1355.
Package xcolor Info: Model `Hsb' substituted by `hsb' on input line 1356.
Package xcolor Info: Model `tHsb' substituted by `hsb' on input line 1357.
Package xcolor Info: Model `HSB' substituted by `hsb' on input line 1358.
Package xcolor Info: Model `Gray' substituted by `gray' on input line 1359.
Package xcolor Info: Model `wave' substituted by `hsb' on input line 1360.

(/usr/share/texlive/texmf-dist/tex/latex/xcolor/x11nam.def
File: x11nam.def 2007/01/21 v2.11 Predefined colors according to Unix/X11 (UK)
))
(/usr/share/texlive/texmf-dist/tex/latex/colortbl/colortbl.sty
Package: colortbl 2012/02/13 v1.0a Color table columns (DPC)
\everycr=\toks25
\minrowclearance=\skip80
)
(/usr/share/texlive/texmf-dist/tex/latex/tabto-ltx/tabto.sty
Package: tabto 2013/03/25  v 1.3  Another tabbing mechanism
\CurrentLineWidth=\dimen198
)
(/usr/share/texlive/texmf-dist/tex/latex/appendix/appendix.sty
Package: appendix 2009/09/02 v1.2b extra appendix facilities
\c@@pps=\count167
\c@@ppsavesec=\count168
\c@@ppsaveapp=\count169
)
(/usr/share/texlive/texmf-dist/tex/latex/pgf/frontendlayer/tikz.sty
(/usr/share/texlive/texmf-dist/tex/latex/pgf/basiclayer/pgf.sty
(/usr/share/texlive/texmf-dist/tex/latex/pgf/utilities/pgfrcs.sty
(/usr/share/texlive/texmf-dist/tex/generic/pgf/utilities/pgfutil-common.tex
\pgfutil@everybye=\toks26
\pgfutil@tempdima=\dimen199
\pgfutil@tempdimb=\dimen256

(/usr/share/texlive/texmf-dist/tex/generic/pgf/utilities/pgfutil-common-lists.t
ex)) (/usr/share/texlive/texmf-dist/tex/generic/pgf/utilities/pgfutil-latex.def
\pgfutil@abb=\box71
(/usr/share/texlive/texmf-dist/tex/latex/ms/everyshi.sty
Package: everyshi 2001/05/15 v3.00 EveryShipout Package (MS)
))
(/usr/share/texlive/texmf-dist/tex/generic/pgf/utilities/pgfrcs.code.tex
Package: pgfrcs 2015/08/07 v3.0.1a (rcs-revision 1.31)
))
Package: pgf 2015/08/07 v3.0.1a (rcs-revision 1.15)

(/usr/share/texlive/texmf-dist/tex/latex/pgf/basiclayer/pgfcore.sty
(/usr/share/texlive/texmf-dist/tex/latex/pgf/systemlayer/pgfsys.sty
(/usr/share/texlive/texmf-dist/tex/generic/pgf/systemlayer/pgfsys.code.tex
Package: pgfsys 2014/07/09 v3.0.1a (rcs-revision 1.48)

(/usr/share/texlive/texmf-dist/tex/generic/pgf/utilities/pgfkeys.code.tex
\pgfkeys@pathtoks=\toks27
\pgfkeys@temptoks=\toks28

(/usr/share/texlive/texmf-dist/tex/generic/pgf/utilities/pgfkeysfiltered.code.t
ex
\pgfkeys@tmptoks=\toks29
))
\pgf@x=\dimen257
\pgf@y=\dimen258
\pgf@xa=\dimen259
\pgf@ya=\dimen260
\pgf@xb=\dimen261
\pgf@yb=\dimen262
\pgf@xc=\dimen263
\pgf@yc=\dimen264
\w@pgf@writea=\write3
\r@pgf@reada=\read1
\c@pgf@counta=\count170
\c@pgf@countb=\count171
\c@pgf@countc=\count172
\c@pgf@countd=\count173
\t@pgf@toka=\toks30
\t@pgf@tokb=\toks31
\t@pgf@tokc=\toks32
 (/usr/share/texlive/texmf-dist/tex/generic/pgf/systemlayer/pgf.cfg
File: pgf.cfg 2008/05/14  (rcs-revision 1.7)
)
Driver file for pgf: pgfsys-pdftex.def

(/usr/share/texlive/texmf-dist/tex/generic/pgf/systemlayer/pgfsys-pdftex.def
File: pgfsys-pdftex.def 2014/10/11  (rcs-revision 1.35)

(/usr/share/texlive/texmf-dist/tex/generic/pgf/systemlayer/pgfsys-common-pdf.de
f
File: pgfsys-common-pdf.def 2013/10/10  (rcs-revision 1.13)
)))
(/usr/share/texlive/texmf-dist/tex/generic/pgf/systemlayer/pgfsyssoftpath.code.
tex
File: pgfsyssoftpath.code.tex 2013/09/09  (rcs-revision 1.9)
\pgfsyssoftpath@smallbuffer@items=\count174
\pgfsyssoftpath@bigbuffer@items=\count175
)
(/usr/share/texlive/texmf-dist/tex/generic/pgf/systemlayer/pgfsysprotocol.code.
tex
File: pgfsysprotocol.code.tex 2006/10/16  (rcs-revision 1.4)
))
(/usr/share/texlive/texmf-dist/tex/generic/pgf/basiclayer/pgfcore.code.tex
Package: pgfcore 2010/04/11 v3.0.1a (rcs-revision 1.7)

(/usr/share/texlive/texmf-dist/tex/generic/pgf/math/pgfmath.code.tex
(/usr/share/texlive/texmf-dist/tex/generic/pgf/math/pgfmathcalc.code.tex
(/usr/share/texlive/texmf-dist/tex/generic/pgf/math/pgfmathutil.code.tex)
(/usr/share/texlive/texmf-dist/tex/generic/pgf/math/pgfmathparser.code.tex
\pgfmath@dimen=\dimen265
\pgfmath@count=\count176
\pgfmath@box=\box72
\pgfmath@toks=\toks33
\pgfmath@stack@operand=\toks34
\pgfmath@stack@operation=\toks35
)
(/usr/share/texlive/texmf-dist/tex/generic/pgf/math/pgfmathfunctions.code.tex
(/usr/share/texlive/texmf-dist/tex/generic/pgf/math/pgfmathfunctions.basic.code
.tex)
(/usr/share/texlive/texmf-dist/tex/generic/pgf/math/pgfmathfunctions.trigonomet
ric.code.tex)
(/usr/share/texlive/texmf-dist/tex/generic/pgf/math/pgfmathfunctions.random.cod
e.tex)
(/usr/share/texlive/texmf-dist/tex/generic/pgf/math/pgfmathfunctions.comparison
.code.tex)
(/usr/share/texlive/texmf-dist/tex/generic/pgf/math/pgfmathfunctions.base.code.
tex)
(/usr/share/texlive/texmf-dist/tex/generic/pgf/math/pgfmathfunctions.round.code
.tex)
(/usr/share/texlive/texmf-dist/tex/generic/pgf/math/pgfmathfunctions.misc.code.
tex)
(/usr/share/texlive/texmf-dist/tex/generic/pgf/math/pgfmathfunctions.integerari
thmetics.code.tex)))
(/usr/share/texlive/texmf-dist/tex/generic/pgf/math/pgfmathfloat.code.tex
\c@pgfmathroundto@lastzeros=\count177
))
(/usr/share/texlive/texmf-dist/tex/generic/pgf/basiclayer/pgfcorepoints.code.te
x
File: pgfcorepoints.code.tex 2013/10/07  (rcs-revision 1.27)
\pgf@picminx=\dimen266
\pgf@picmaxx=\dimen267
\pgf@picminy=\dimen268
\pgf@picmaxy=\dimen269
\pgf@pathminx=\dimen270
\pgf@pathmaxx=\dimen271
\pgf@pathminy=\dimen272
\pgf@pathmaxy=\dimen273
\pgf@xx=\dimen274
\pgf@xy=\dimen275
\pgf@yx=\dimen276
\pgf@yy=\dimen277
\pgf@zx=\dimen278
\pgf@zy=\dimen279
)
(/usr/share/texlive/texmf-dist/tex/generic/pgf/basiclayer/pgfcorepathconstruct.
code.tex
File: pgfcorepathconstruct.code.tex 2013/10/07  (rcs-revision 1.29)
\pgf@path@lastx=\dimen280
\pgf@path@lasty=\dimen281
)
(/usr/share/texlive/texmf-dist/tex/generic/pgf/basiclayer/pgfcorepathusage.code
.tex
File: pgfcorepathusage.code.tex 2014/11/02  (rcs-revision 1.24)
\pgf@shorten@end@additional=\dimen282
\pgf@shorten@start@additional=\dimen283
)
(/usr/share/texlive/texmf-dist/tex/generic/pgf/basiclayer/pgfcorescopes.code.te
x
File: pgfcorescopes.code.tex 2015/05/08  (rcs-revision 1.46)
\pgfpic=\box73
\pgf@hbox=\box74
\pgf@layerbox@main=\box75
\pgf@picture@serial@count=\count178
)
(/usr/share/texlive/texmf-dist/tex/generic/pgf/basiclayer/pgfcoregraphicstate.c
ode.tex
File: pgfcoregraphicstate.code.tex 2014/11/02  (rcs-revision 1.12)
\pgflinewidth=\dimen284
)
(/usr/share/texlive/texmf-dist/tex/generic/pgf/basiclayer/pgfcoretransformation
s.code.tex
File: pgfcoretransformations.code.tex 2015/08/07  (rcs-revision 1.20)
\pgf@pt@x=\dimen285
\pgf@pt@y=\dimen286
\pgf@pt@temp=\dimen287
)
(/usr/share/texlive/texmf-dist/tex/generic/pgf/basiclayer/pgfcorequick.code.tex
File: pgfcorequick.code.tex 2008/10/09  (rcs-revision 1.3)
)
(/usr/share/texlive/texmf-dist/tex/generic/pgf/basiclayer/pgfcoreobjects.code.t
ex
File: pgfcoreobjects.code.tex 2006/10/11  (rcs-revision 1.2)
)
(/usr/share/texlive/texmf-dist/tex/generic/pgf/basiclayer/pgfcorepathprocessing
.code.tex
File: pgfcorepathprocessing.code.tex 2013/09/09  (rcs-revision 1.9)
)
(/usr/share/texlive/texmf-dist/tex/generic/pgf/basiclayer/pgfcorearrows.code.te
x
File: pgfcorearrows.code.tex 2015/05/14  (rcs-revision 1.43)
\pgfarrowsep=\dimen288
)
(/usr/share/texlive/texmf-dist/tex/generic/pgf/basiclayer/pgfcoreshade.code.tex
File: pgfcoreshade.code.tex 2013/07/15  (rcs-revision 1.15)
\pgf@max=\dimen289
\pgf@sys@shading@range@num=\count179
)
(/usr/share/texlive/texmf-dist/tex/generic/pgf/basiclayer/pgfcoreimage.code.tex
File: pgfcoreimage.code.tex 2013/07/15  (rcs-revision 1.18)

(/usr/share/texlive/texmf-dist/tex/generic/pgf/basiclayer/pgfcoreexternal.code.
tex
File: pgfcoreexternal.code.tex 2014/07/09  (rcs-revision 1.21)
\pgfexternal@startupbox=\box76
))
(/usr/share/texlive/texmf-dist/tex/generic/pgf/basiclayer/pgfcorelayers.code.te
x
File: pgfcorelayers.code.tex 2013/07/18  (rcs-revision 1.7)
)
(/usr/share/texlive/texmf-dist/tex/generic/pgf/basiclayer/pgfcoretransparency.c
ode.tex
File: pgfcoretransparency.code.tex 2013/09/30  (rcs-revision 1.5)
)
(/usr/share/texlive/texmf-dist/tex/generic/pgf/basiclayer/pgfcorepatterns.code.
tex
File: pgfcorepatterns.code.tex 2013/11/07  (rcs-revision 1.5)
)))
(/usr/share/texlive/texmf-dist/tex/generic/pgf/modules/pgfmoduleshapes.code.tex
File: pgfmoduleshapes.code.tex 2014/03/21  (rcs-revision 1.35)
\pgfnodeparttextbox=\box77
) (/usr/share/texlive/texmf-dist/tex/generic/pgf/modules/pgfmoduleplot.code.tex
File: pgfmoduleplot.code.tex 2015/08/03  (rcs-revision 1.13)
)
(/usr/share/texlive/texmf-dist/tex/latex/pgf/compatibility/pgfcomp-version-0-65
.sty
Package: pgfcomp-version-0-65 2007/07/03 v3.0.1a (rcs-revision 1.7)
\pgf@nodesepstart=\dimen290
\pgf@nodesepend=\dimen291
)
(/usr/share/texlive/texmf-dist/tex/latex/pgf/compatibility/pgfcomp-version-1-18
.sty
Package: pgfcomp-version-1-18 2007/07/23 v3.0.1a (rcs-revision 1.1)
)) (/usr/share/texlive/texmf-dist/tex/latex/pgf/utilities/pgffor.sty
(/usr/share/texlive/texmf-dist/tex/latex/pgf/utilities/pgfkeys.sty
(/usr/share/texlive/texmf-dist/tex/generic/pgf/utilities/pgfkeys.code.tex))
(/usr/share/texlive/texmf-dist/tex/latex/pgf/math/pgfmath.sty
(/usr/share/texlive/texmf-dist/tex/generic/pgf/math/pgfmath.code.tex))
(/usr/share/texlive/texmf-dist/tex/generic/pgf/utilities/pgffor.code.tex
Package: pgffor 2013/12/13 v3.0.1a (rcs-revision 1.25)

(/usr/share/texlive/texmf-dist/tex/generic/pgf/math/pgfmath.code.tex)
\pgffor@iter=\dimen292
\pgffor@skip=\dimen293
\pgffor@stack=\toks36
\pgffor@toks=\toks37
))
(/usr/share/texlive/texmf-dist/tex/generic/pgf/frontendlayer/tikz/tikz.code.tex
Package: tikz 2015/08/07 v3.0.1a (rcs-revision 1.151)

(/usr/share/texlive/texmf-dist/tex/generic/pgf/libraries/pgflibraryplothandlers
.code.tex
File: pgflibraryplothandlers.code.tex 2013/08/31 v3.0.1a (rcs-revision 1.20)
\pgf@plot@mark@count=\count180
\pgfplotmarksize=\dimen294
)
\tikz@lastx=\dimen295
\tikz@lasty=\dimen296
\tikz@lastxsaved=\dimen297
\tikz@lastysaved=\dimen298
\tikzleveldistance=\dimen299
\tikzsiblingdistance=\dimen300
\tikz@figbox=\box78
\tikz@figbox@bg=\box79
\tikz@tempbox=\box80
\tikz@tempbox@bg=\box81
\tikztreelevel=\count181
\tikznumberofchildren=\count182
\tikznumberofcurrentchild=\count183
\tikz@fig@count=\count184

(/usr/share/texlive/texmf-dist/tex/generic/pgf/modules/pgfmodulematrix.code.tex
File: pgfmodulematrix.code.tex 2013/09/17  (rcs-revision 1.8)
\pgfmatrixcurrentrow=\count185
\pgfmatrixcurrentcolumn=\count186
\pgf@matrix@numberofcolumns=\count187
)
\tikz@expandcount=\count188

(/usr/share/texlive/texmf-dist/tex/generic/pgf/frontendlayer/tikz/libraries/tik
zlibrarytopaths.code.tex
File: tikzlibrarytopaths.code.tex 2008/06/17 v3.0.1a (rcs-revision 1.2)
)))
(/usr/share/texlive/texmf-dist/tex/generic/pgf/frontendlayer/tikz/libraries/tik
zlibraryshapes.geometric.code.tex
File: tikzlibraryshapes.geometric.code.tex 2008/01/09 v3.0.1a (rcs-revision 1.1
)

(/usr/share/texlive/texmf-dist/tex/generic/pgf/libraries/shapes/pgflibraryshape
s.geometric.code.tex
File: pgflibraryshapes.geometric.code.tex 2008/06/26 v3.0.1a (rcs-revision 1.1)

))
(/usr/share/texlive/texmf-dist/tex/generic/pgf/frontendlayer/tikz/libraries/tik
zlibraryarrows.code.tex
File: tikzlibraryarrows.code.tex 2008/01/09 v3.0.1a (rcs-revision 1.1)

(/usr/share/texlive/texmf-dist/tex/generic/pgf/libraries/pgflibraryarrows.code.
tex
File: pgflibraryarrows.code.tex 2013/09/23 v3.0.1a (rcs-revision 1.16)
\arrowsize=\dimen301
)) (/usr/share/texlive/texmf-dist/tex/latex/blindtext/blindtext.sty
Package: blindtext 2012/01/06 V2.0 blindtext-Package

(/usr/share/texlive/texmf-dist/tex/latex/tools/xspace.sty
Package: xspace 2014/10/28 v1.13 Space after command names (DPC,MH)
)
\c@blindtext=\count189
\c@Blindtext=\count190
\c@blind@countparstart=\count191
\blind@countxx=\count192
\blindtext@numBlindtext=\count193
\blind@countyy=\count194
\c@blindlist=\count195
\c@blindlistlevel=\count196
\c@blindlist@level=\count197
\blind@listitem=\count198
\c@blind@listcount=\count199
\c@blind@levelcount=\count266
\blind@mathformula=\count267
\blind@Mathformula=\count268
\c@blind@randomcount=\count269
\c@blind@randommax=\count270
\c@blind@pangramcount=\count271
\c@blind@pangrammax=\count272
)
(/usr/share/texlive/texmf-dist/tex/latex/pdfpages/pdfpages.sty
Package: pdfpages 2015/09/18 v0.5d Insert pages of external PDF documents (AM)

(/usr/share/texlive/texmf-dist/tex/latex/base/ifthen.sty
Package: ifthen 2014/09/29 v1.1c Standard LaTeX ifthen package (DPC)
)
(/usr/share/texlive/texmf-dist/tex/latex/eso-pic/eso-pic.sty
Package: eso-pic 2015/07/21 v2.0g eso-pic (RN)
)
\AM@pagewidth=\dimen302
\AM@pageheight=\dimen303

(/usr/share/texlive/texmf-dist/tex/latex/pdfpages/pppdftex.def
File: pppdftex.def 2015/09/18 v0.5d Pdfpages driver for pdfTeX (AM)
)
\AM@pagebox=\box82
\AM@toc@title=\toks38
\c@AM@survey=\count273
\AM@templatesizebox=\box83
)
(./dissertation.aux

LaTeX Warning: Label `TableDiversityMeasuresKunegisEtAl' multiply defined.

)
\openout1 = `dissertation.aux'.

LaTeX Font Info:    Checking defaults for OML/cmm/m/it on input line 73.
LaTeX Font Info:    ... okay on input line 73.
LaTeX Font Info:    Checking defaults for T1/cmr/m/n on input line 73.
LaTeX Font Info:    ... okay on input line 73.
LaTeX Font Info:    Checking defaults for OT1/cmr/m/n on input line 73.
LaTeX Font Info:    ... okay on input line 73.
LaTeX Font Info:    Checking defaults for OMS/cmsy/m/n on input line 73.
LaTeX Font Info:    ... okay on input line 73.
LaTeX Font Info:    Checking defaults for OMX/cmex/m/n on input line 73.
LaTeX Font Info:    ... okay on input line 73.
LaTeX Font Info:    Checking defaults for U/cmr/m/n on input line 73.
LaTeX Font Info:    ... okay on input line 73.
LaTeX Font Info:    Checking defaults for PD1/pdf/m/n on input line 73.
LaTeX Font Info:    ... okay on input line 73.
 (/usr/share/texlive/texmf-dist/tex/context/base/supp-pdf.mkii
[Loading MPS to PDF converter (version 2006.09.02).]
\scratchcounter=\count274
\scratchdimen=\dimen304
\scratchbox=\box84
\nofMPsegments=\count275
\nofMParguments=\count276
\everyMPshowfont=\toks39
\MPscratchCnt=\count277
\MPscratchDim=\dimen305
\MPnumerator=\count278
\makeMPintoPDFobject=\count279
\everyMPtoPDFconversion=\toks40
) (/usr/share/texlive/texmf-dist/tex/latex/oberdiek/epstopdf-base.sty
Package: epstopdf-base 2010/02/09 v2.5 Base part for package epstopdf

(/usr/share/texlive/texmf-dist/tex/latex/oberdiek/grfext.sty
Package: grfext 2010/08/19 v1.1 Manage graphics extensions (HO)
)
Package grfext Info: Graphics extension search list:
(grfext)             [.png,.pdf,.jpg,.mps,.jpeg,.jbig2,.jb2,.PNG,.PDF,.JPG,.JPE
G,.JBIG2,.JB2,.eps]
(grfext)             \AppendGraphicsExtensions on input line 452.

(/usr/share/texlive/texmf-dist/tex/latex/latexconfig/epstopdf-sys.cfg
File: epstopdf-sys.cfg 2010/07/13 v1.3 Configuration of (r)epstopdf for TeX Liv
e
))
Package caption Info: Begin \AtBeginDocument code.
Package caption Info: subfig package v1.3 is loaded.
Package caption Info: float package is loaded.
Package caption Info: hyperref package is loaded.
Package caption Info: End \AtBeginDocument code.

ABD: EverySelectfont initializing macros
LaTeX Info: Redefining \selectfont on input line 73.
\AtBeginShipoutBox=\box85
Package hyperref Info: Link coloring OFF on input line 73.

(/usr/share/texlive/texmf-dist/tex/latex/hyperref/nameref.sty
Package: nameref 2012/10/27 v2.43 Cross-referencing by name of section

(/usr/share/texlive/texmf-dist/tex/generic/oberdiek/gettitlestring.sty
Package: gettitlestring 2010/12/03 v1.4 Cleanup title references (HO)
)
\c@section@level=\count280
)
LaTeX Info: Redefining \ref on input line 73.
LaTeX Info: Redefining \pageref on input line 73.
LaTeX Info: Redefining \nameref on input line 73.

(./dissertation.out) (./dissertation.out)
\@outlinefile=\write4
\openout4 = `dissertation.out'.


ABD: EveryShipout initializing macros
(/usr/share/texlive/texmf-dist/tex/latex/oberdiek/pdflscape.sty
Package: pdflscape 2008/08/11 v0.10 Display of landscape pages in PDF (HO)

(/usr/share/texlive/texmf-dist/tex/latex/graphics/lscape.sty
Package: lscape 2000/10/22 v3.01 Landscape Pages (DPC)
)
Package pdflscape Info: Auto-detected driver: pdftex on input line 80.
) [1

{/var/lib/texmf/fonts/map/pdftex/updmap/pdftex.map}] (./dissertation.toc
Missing character: There is no â in font cmr12!
Missing character: There is no € in font cmr12!
Missing character: There is no ™ in font cmr12!
Missing character: There is no â in font cmr12!
Missing character: There is no € in font cmr12!
Missing character: There is no ™ in font cmr12!

Overfull \hbox (8.8001pt too wide) in paragraph at lines 26--26
 [][] [][]\OT1/cmr/m/n/12 Appendix B: Ini-tial study: Tem-po-ral anal-y-sis us-
ing the network- 
 []

pdfTeX warning (ext4): destination with the same identifier (name{page.1}) has 
been already used, duplicate ignored
<to be read again> 
                   \relax 
l.28 ...lts and discussion}{92}{subsection.1..2.2}
                                                   [1

])
\tf@toc=\write5
\openout5 = `dissertation.toc'.

 [2] (./dissertation.lof [3

])
\tf@lof=\write6
\openout6 = `dissertation.lof'.

 [4] [5] (./dissertation.lot [6

]
Overfull \hbox (22.32529pt too wide) in paragraph at lines 27--27
 [][] [][]\OT1/cmr/m/n/12 List of all projects forked be-cause of the need for 
``\OT1/cmr/m/it/12 more community- 
 []

)
\tf@lot=\write7
\openout7 = `dissertation.lot'.

 [7] [8] [9] [10] [11] [12] [13] [14] [15] [16] [17] [18]
Underfull \hbox (badness 10000) in paragraph at lines 242--243

 []

[19] [20] [21] [22]
Underfull \hbox (badness 10000) in paragraph at lines 289--289
[]|\OT1/cmr/m/n/12 Communities have
 []


Underfull \hbox (badness 5189) in paragraph at lines 290--290
[]|\OT1/cmr/m/n/12 Random walks have
 []


Underfull \hbox (badness 10000) in paragraph at lines 291--292
[]|\OT1/cmr/m/n/12 Number of driver
 []

[23]
LaTeX Font Info:    Try loading font information for OMS+cmr on input line 303.

 (/usr/share/texlive/texmf-dist/tex/latex/base/omscmr.fd
File: omscmr.fd 2014/09/29 v2.5h Standard LaTeX font definitions
)
LaTeX Font Info:    Font shape `OMS/cmr/m/n' in size <12> not available
(Font)              Font shape `OMS/cmsy/m/n' tried instead on input line 303.
Missing character: There is no â in font cmr12!
Missing character: There is no € in font cmr12!
Missing character: There is no ™ in font cmr12!
Missing character: There is no â in font cmr12!
Missing character: There is no € in font cmr12!
Missing character: There is no ™ in font cmr12!
Missing character: There is no â in font cmbx12!
Missing character: There is no € in font cmbx12!
Missing character: There is no ™ in font cmbx12!
 [24] [25]
Overfull \hbox (5.33905pt too wide) in paragraph at lines 324--325
\OT1/cmr/m/n/12 We used the R (Sta-tis-ti-cal Com-put-ing) [[]] pack-age Sen-ti
-men-t-Anal-y-sis [[]][[]]
 []

[26] <PLOTS_PDF/O_1.pdf, id=466, 794.97pt x 542.025pt>
File: PLOTS_PDF/O_1.pdf Graphic file (type pdf)
 <use PLOTS_PDF/O_1.pdf>
Package pdftex.def Info: PLOTS_PDF/O_1.pdf used on input line 334.
(pdftex.def)             Requested size: 390.0pt x 265.91711pt.

<PLOTS_PDF/O_2.pdf, id=467, 794.97pt x 542.025pt>
File: PLOTS_PDF/O_2.pdf Graphic file (type pdf)
 <use PLOTS_PDF/O_2.pdf>
Package pdftex.def Info: PLOTS_PDF/O_2.pdf used on input line 335.
(pdftex.def)             Requested size: 390.0pt x 265.91711pt.

<PLOTS_PDF/O_3.pdf, id=468, 794.97pt x 542.025pt>
File: PLOTS_PDF/O_3.pdf Graphic file (type pdf)
 <use PLOTS_PDF/O_3.pdf>
Package pdftex.def Info: PLOTS_PDF/O_3.pdf used on input line 336.
(pdftex.def)             Requested size: 195.0pt x 132.95029pt.


LaTeX Warning: Float too large for page by 157.2845pt on input line 339.

<PLOTS_PDF/O_5.pdf, id=469, 794.97pt x 542.025pt>
File: PLOTS_PDF/O_5.pdf Graphic file (type pdf)
 <use PLOTS_PDF/O_5.pdf>
Package pdftex.def Info: PLOTS_PDF/O_5.pdf used on input line 343.
(pdftex.def)             Requested size: 234.00238pt x 159.54861pt.

<PLOTS_PDF/O_6.pdf, id=470, 794.97pt x 542.025pt>
File: PLOTS_PDF/O_6.pdf Graphic file (type pdf)
 <use PLOTS_PDF/O_6.pdf>
Package pdftex.def Info: PLOTS_PDF/O_6.pdf used on input line 344.
(pdftex.def)             Requested size: 234.00238pt x 159.54861pt.

<PLOTS_PDF/O_7.pdf, id=471, 794.97pt x 542.025pt>
File: PLOTS_PDF/O_7.pdf Graphic file (type pdf)
 <use PLOTS_PDF/O_7.pdf>
Package pdftex.def Info: PLOTS_PDF/O_7.pdf used on input line 345.
(pdftex.def)             Requested size: 234.00238pt x 159.54861pt.

<PLOTS_PDF/O_9.pdf, id=472, 794.97pt x 542.025pt>
File: PLOTS_PDF/O_9.pdf Graphic file (type pdf)
 <use PLOTS_PDF/O_9.pdf>
Package pdftex.def Info: PLOTS_PDF/O_9.pdf used on input line 346.
(pdftex.def)             Requested size: 234.00238pt x 159.54861pt.


LaTeX Warning: Float too large for page by 146.19444pt on input line 350.

<PLOTS_PDF/O_10.pdf, id=473, 794.97pt x 542.025pt>
File: PLOTS_PDF/O_10.pdf Graphic file (type pdf)
 <use PLOTS_PDF/O_10.pdf>
Package pdftex.def Info: PLOTS_PDF/O_10.pdf used on input line 356.
(pdftex.def)             Requested size: 272.99881pt x 186.13867pt.

<PLOTS_PDF/O_11.pdf, id=474, 794.97pt x 542.025pt>
File: PLOTS_PDF/O_11.pdf Graphic file (type pdf)
 <use PLOTS_PDF/O_11.pdf>
Package pdftex.def Info: PLOTS_PDF/O_11.pdf used on input line 357.
(pdftex.def)             Requested size: 272.99881pt x 186.13867pt.

<PLOTS_PDF/O_12.pdf, id=475, 794.97pt x 542.025pt>
File: PLOTS_PDF/O_12.pdf Graphic file (type pdf)
 <use PLOTS_PDF/O_12.pdf>
Package pdftex.def Info: PLOTS_PDF/O_12.pdf used on input line 358.
(pdftex.def)             Requested size: 272.99881pt x 186.13867pt.


LaTeX Warning: Float too large for page by 50.916pt on input line 361.


Underfull \hbox (badness 10000) in paragraph at lines 377--378

 []

[27] [28 <./PLOTS_PDF/O_1.pdf> <./PLOTS_PDF/O_2.pdf> <./PLOTS_PDF/O_3.pdf>]
[29 <./PLOTS_PDF/O_5.pdf> <./PLOTS_PDF/O_6.pdf> <./PLOTS_PDF/O_7.pdf> <./PLOTS_
PDF/O_9.pdf>] [30 <./PLOTS_PDF/O_10.pdf> <./PLOTS_PDF/O_11.pdf> <./PLOTS_PDF/O_
12.pdf>] [31] <PLOTS_PDF/TS_1.pdf, id=576, 794.97pt x 542.025pt>
File: PLOTS_PDF/TS_1.pdf Graphic file (type pdf)

<use PLOTS_PDF/TS_1.pdf>
Package pdftex.def Info: PLOTS_PDF/TS_1.pdf used on input line 428.
(pdftex.def)             Requested size: 214.50119pt x 146.24945pt.
 <PLOTS_PDF/TS_2.pdf, id=577, 794.97pt x 542.025pt>
File: PLOTS_PDF/TS_2.pdf Graphic file (type pdf)

<use PLOTS_PDF/TS_2.pdf>
Package pdftex.def Info: PLOTS_PDF/TS_2.pdf used on input line 429.
(pdftex.def)             Requested size: 214.50119pt x 146.24945pt.
 <PLOTS_PDF/TS_3.pdf, id=578, 794.97pt x 542.025pt>
File: PLOTS_PDF/TS_3.pdf Graphic file (type pdf)

<use PLOTS_PDF/TS_3.pdf>
Package pdftex.def Info: PLOTS_PDF/TS_3.pdf used on input line 430.
(pdftex.def)             Requested size: 214.50119pt x 146.24945pt.
 <PLOTS_PDF/TS_4.pdf, id=579, 794.97pt x 542.025pt>
File: PLOTS_PDF/TS_4.pdf Graphic file (type pdf)

<use PLOTS_PDF/TS_4.pdf>
Package pdftex.def Info: PLOTS_PDF/TS_4.pdf used on input line 431.
(pdftex.def)             Requested size: 214.50119pt x 146.24945pt.
 <PLOTS_PDF/TS_5.pdf, id=580, 794.97pt x 542.025pt>
File: PLOTS_PDF/TS_5.pdf Graphic file (type pdf)

<use PLOTS_PDF/TS_5.pdf>
Package pdftex.def Info: PLOTS_PDF/TS_5.pdf used on input line 432.
(pdftex.def)             Requested size: 214.50119pt x 146.24945pt.
 <PLOTS_PDF/TS_6.pdf, id=581, 794.97pt x 542.025pt>
File: PLOTS_PDF/TS_6.pdf Graphic file (type pdf)

<use PLOTS_PDF/TS_6.pdf>
Package pdftex.def Info: PLOTS_PDF/TS_6.pdf used on input line 433.
(pdftex.def)             Requested size: 214.50119pt x 146.24945pt.

Overfull \hbox (41.61346pt too wide) in paragraph at lines 428--434
[][] []
 []


Overfull \hbox (41.61346pt too wide) in paragraph at lines 428--434
[] []
 []


Overfull \hbox (41.61346pt too wide) in paragraph at lines 428--434
[] [] 
 []

<PLOTS_PDF/TS_7.pdf, id=582, 794.97pt x 542.025pt>
File: PLOTS_PDF/TS_7.pdf Graphic file (type pdf)
 <use PLOTS_PDF/TS_7.pdf>
Package pdftex.def Info: PLOTS_PDF/TS_7.pdf used on input line 440.
(pdftex.def)             Requested size: 214.50119pt x 146.24945pt.

<PLOTS_PDF/TS_8.pdf, id=583, 794.97pt x 542.025pt>
File: PLOTS_PDF/TS_8.pdf Graphic file (type pdf)
 <use PLOTS_PDF/TS_8.pdf>
Package pdftex.def Info: PLOTS_PDF/TS_8.pdf used on input line 441.
(pdftex.def)             Requested size: 214.50119pt x 146.24945pt.

<PLOTS_PDF/TS_9.pdf, id=584, 794.97pt x 542.025pt>
File: PLOTS_PDF/TS_9.pdf Graphic file (type pdf)
 <use PLOTS_PDF/TS_9.pdf>
Package pdftex.def Info: PLOTS_PDF/TS_9.pdf used on input line 442.
(pdftex.def)             Requested size: 214.50119pt x 146.24945pt.

<PLOTS_PDF/TS_10.pdf, id=585, 794.97pt x 542.025pt>
File: PLOTS_PDF/TS_10.pdf Graphic file (type pdf)
 <use PLOTS_PDF/TS_10.pdf>
Package pdftex.def Info: PLOTS_PDF/TS_10.pdf used on input line 443.
(pdftex.def)             Requested size: 214.50119pt x 146.24945pt.

<PLOTS_PDF/TS_11.pdf, id=586, 794.97pt x 542.025pt>
File: PLOTS_PDF/TS_11.pdf Graphic file (type pdf)
 <use PLOTS_PDF/TS_11.pdf>
Package pdftex.def Info: PLOTS_PDF/TS_11.pdf used on input line 444.
(pdftex.def)             Requested size: 214.50119pt x 146.24945pt.

<PLOTS_PDF/TS_12.pdf, id=587, 794.97pt x 542.025pt>
File: PLOTS_PDF/TS_12.pdf Graphic file (type pdf)
 <use PLOTS_PDF/TS_12.pdf>
Package pdftex.def Info: PLOTS_PDF/TS_12.pdf used on input line 445.
(pdftex.def)             Requested size: 214.50119pt x 146.24945pt.

Overfull \hbox (41.61346pt too wide) in paragraph at lines 440--446
[][] []
 []


Overfull \hbox (41.61346pt too wide) in paragraph at lines 440--446
[] []
 []


Overfull \hbox (41.61346pt too wide) in paragraph at lines 440--446
[] [] 
 []

<PLOTS_PDF/D_1.pdf, id=590, 794.97pt x 939.51pt>
File: PLOTS_PDF/D_1.pdf Graphic file (type pdf)
 <use PLOTS_PDF/D_1.pdf>
Package pdftex.def Info: PLOTS_PDF/D_1.pdf used on input line 453.
(pdftex.def)             Requested size: 222.30286pt x 262.71695pt.

<PLOTS_PDF/D_2.pdf, id=591, 794.97pt x 939.51pt>
File: PLOTS_PDF/D_2.pdf Graphic file (type pdf)
 <use PLOTS_PDF/D_2.pdf>
Package pdftex.def Info: PLOTS_PDF/D_2.pdf used on input line 454.
(pdftex.def)             Requested size: 222.30286pt x 262.71695pt.

<PLOTS_PDF/D_3.pdf, id=592, 794.97pt x 939.51pt>
File: PLOTS_PDF/D_3.pdf Graphic file (type pdf)
 <use PLOTS_PDF/D_3.pdf>
Package pdftex.def Info: PLOTS_PDF/D_3.pdf used on input line 455.
(pdftex.def)             Requested size: 222.30286pt x 262.71695pt.

<PLOTS_PDF/D_4.pdf, id=593, 794.97pt x 939.51pt>
File: PLOTS_PDF/D_4.pdf Graphic file (type pdf)
 <use PLOTS_PDF/D_4.pdf>
Package pdftex.def Info: PLOTS_PDF/D_4.pdf used on input line 456.
(pdftex.def)             Requested size: 222.30286pt x 262.71695pt.

Overfull \hbox (57.2168pt too wide) in paragraph at lines 453--457
[][] []
 []


Overfull \hbox (57.2168pt too wide) in paragraph at lines 453--457
[] [] 
 []


LaTeX Warning: Float too large for page by 31.43388pt on input line 459.

<PLOTS_PDF/D_5.pdf, id=594, 794.97pt x 939.51pt>
File: PLOTS_PDF/D_5.pdf Graphic file (type pdf)
 <use PLOTS_PDF/D_5.pdf>
Package pdftex.def Info: PLOTS_PDF/D_5.pdf used on input line 462.
(pdftex.def)             Requested size: 222.30286pt x 262.71695pt.

<PLOTS_PDF/D_6.pdf, id=595, 794.97pt x 939.51pt>
File: PLOTS_PDF/D_6.pdf Graphic file (type pdf)
 <use PLOTS_PDF/D_6.pdf>
Package pdftex.def Info: PLOTS_PDF/D_6.pdf used on input line 463.
(pdftex.def)             Requested size: 222.30286pt x 262.71695pt.

<PLOTS_PDF/D_7.pdf, id=596, 794.97pt x 939.51pt>
File: PLOTS_PDF/D_7.pdf Graphic file (type pdf)
 <use PLOTS_PDF/D_7.pdf>
Package pdftex.def Info: PLOTS_PDF/D_7.pdf used on input line 464.
(pdftex.def)             Requested size: 222.30286pt x 262.71695pt.

<PLOTS_PDF/D_8.pdf, id=597, 794.97pt x 939.51pt>
File: PLOTS_PDF/D_8.pdf Graphic file (type pdf)
 <use PLOTS_PDF/D_8.pdf>
Package pdftex.def Info: PLOTS_PDF/D_8.pdf used on input line 465.
(pdftex.def)             Requested size: 222.30286pt x 262.71695pt.

Overfull \hbox (57.2168pt too wide) in paragraph at lines 462--466
[][] []
 []


Overfull \hbox (57.2168pt too wide) in paragraph at lines 462--466
[] [] 
 []


LaTeX Warning: Float too large for page by 31.43388pt on input line 468.

<PLOTS_PDF/D_9.pdf, id=598, 794.97pt x 939.51pt>
File: PLOTS_PDF/D_9.pdf Graphic file (type pdf)
 <use PLOTS_PDF/D_9.pdf>
Package pdftex.def Info: PLOTS_PDF/D_9.pdf used on input line 471.
(pdftex.def)             Requested size: 222.30286pt x 262.71695pt.

<PLOTS_PDF/D_10.pdf, id=599, 794.97pt x 939.51pt>
File: PLOTS_PDF/D_10.pdf Graphic file (type pdf)
 <use PLOTS_PDF/D_10.pdf>
Package pdftex.def Info: PLOTS_PDF/D_10.pdf used on input line 472.
(pdftex.def)             Requested size: 222.30286pt x 262.71695pt.

<PLOTS_PDF/D_11.pdf, id=600, 794.97pt x 939.51pt>
File: PLOTS_PDF/D_11.pdf Graphic file (type pdf)
 <use PLOTS_PDF/D_11.pdf>
Package pdftex.def Info: PLOTS_PDF/D_11.pdf used on input line 473.
(pdftex.def)             Requested size: 222.30286pt x 262.71695pt.

<PLOTS_PDF/D_12.pdf, id=601, 794.97pt x 939.51pt>
File: PLOTS_PDF/D_12.pdf Graphic file (type pdf)
 <use PLOTS_PDF/D_12.pdf>
Package pdftex.def Info: PLOTS_PDF/D_12.pdf used on input line 474.
(pdftex.def)             Requested size: 222.30286pt x 262.71695pt.

Overfull \hbox (57.2168pt too wide) in paragraph at lines 471--475
[][] []
 []


Overfull \hbox (57.2168pt too wide) in paragraph at lines 471--475
[] [] 
 []


LaTeX Warning: Float too large for page by 31.43388pt on input line 477.


Underfull \hbox (badness 10000) in paragraph at lines 617--619

 []

[32] [33 <./PLOTS_PDF/TS_1.pdf> <./PLOTS_PDF/TS_2.pdf> <./PLOTS_PDF/TS_3.pdf> <
./PLOTS_PDF/TS_4.pdf> <./PLOTS_PDF/TS_5.pdf> <./PLOTS_PDF/TS_6.pdf>] [34 <./PLO
TS_PDF/TS_7.pdf> <./PLOTS_PDF/TS_8.pdf> <./PLOTS_PDF/TS_9.pdf> <./PLOTS_PDF/TS_
10.pdf> <./PLOTS_PDF/TS_11.pdf> <./PLOTS_PDF/TS_12.pdf>] [35 <./PLOTS_PDF/D_1.p
df> <./PLOTS_PDF/D_2.pdf> <./PLOTS_PDF/D_3.pdf> <./PLOTS_PDF/D_4.pdf>] [36 <./P
LOTS_PDF/D_5.pdf> <./PLOTS_PDF/D_6.pdf> <./PLOTS_PDF/D_7.pdf> <./PLOTS_PDF/D_8.
pdf>] [37 <./PLOTS_PDF/D_9.pdf> <./PLOTS_PDF/D_10.pdf> <./PLOTS_PDF/D_11.pdf> <
./PLOTS_PDF/D_12.pdf>] [38] [39] [40]
Missing character: There is no â in font cmbx12!
Missing character: There is no € in font cmbx12!
Missing character: There is no ™ in font cmbx12!

<epc-flow-charts.pdf, id=794, 557.01099pt x 478.91924pt>
File: epc-flow-charts.pdf Graphic file (type pdf)

<use epc-flow-charts.pdf>
Package pdftex.def Info: epc-flow-charts.pdf used on input line 632.
(pdftex.def)             Requested size: 507.00119pt x 435.9268pt.

Overfull \hbox (117.00119pt too wide) in paragraph at lines 632--633
 [][] 
 []

Package epstopdf Info: Source file: <flowchart.eps>
(epstopdf)                    date: 2015-12-08 18:04:39
(epstopdf)                    size: 1733524 bytes
(epstopdf)             Output file: <flowchart-eps-converted-to.pdf>
(epstopdf)                    date: 2015-12-08 18:05:03
(epstopdf)                    size: 211144 bytes
(epstopdf)             Command: <repstopdf --outfile=flowchart-eps-converted-to
.pdf flowchart.eps>
(epstopdf)             \includegraphics on input line 639.
Package epstopdf Info: Output file is already uptodate.
<flowchart-eps-converted-to.pdf, id=795, 1782.66pt x 2320.67pt>
File: flowchart-eps-converted-to.pdf Graphic file (type pdf)

<use flowchart-eps-converted-to.pdf>
Package pdftex.def Info: flowchart-eps-converted-to.pdf used on input line 639.

(pdftex.def)             Requested size: 350.99762pt x 456.90204pt.
 [41] [42 <./epc-flow-charts.pdf>]
Overfull \hbox (6.35007pt too wide) in paragraph at lines 832--833
[]\OT1/cmr/m/n/12 We de-fined conflict-driven (un-de-sir-able) and socially-rel
ated Fork-ing (U.F.)
 []

[43 <./flowchart-eps-converted-to.pdf>]
Overfull \hbox (12.78194pt too wide) in paragraph at lines 834--835
[]\OT1/cmr/m/n/12 We de-fined non-conflict-driven and socially-related fork-ing
 (H.F.) as projects
 []

[44]
Underfull \hbox (badness 10000) in paragraph at lines 846--846
[]|\OT1/cmr/bx/n/12 Year
 []


Overfull \hbox (2.87073pt too wide) in paragraph at lines 846--847
[]|\OT1/cmr/bx/n/12 Type| 
 []


Underfull \hbox (badness 10000) in paragraph at lines 850--850
[]|\OT1/cmr/m/n/12 More community-driven de-vel-op-
 []


Underfull \hbox (badness 10000) in paragraph at lines 851--851
[]|\OT1/cmr/m/n/12 More community-driven de-vel-op-
 []


Underfull \hbox (badness 10000) in paragraph at lines 852--852
[]|\OT1/cmr/m/n/12 More community-driven de-vel-op-
 []


Underfull \hbox (badness 5519) in paragraph at lines 854--854
[]|\OT1/cmr/m/n/12 Apache CouchDB & Big-
 []


Overfull \hbox (1.57602pt too wide) in paragraph at lines 857--857
[]|\OT1/cmr/m/n/12 No.F.| 
 []


Overfull \hbox (1.57602pt too wide) in paragraph at lines 858--858
[]|\OT1/cmr/m/n/12 No.F.| 
 []


Overfull \hbox (1.57602pt too wide) in paragraph at lines 859--859
[]|\OT1/cmr/m/n/12 No.F.| 
 []


Overfull \hbox (1.57602pt too wide) in paragraph at lines 860--861
[]|\OT1/cmr/m/n/12 No.F.| 
 []


Overfull \hbox (77.24881pt too wide) in paragraph at lines 844--863
 [][] 
 []

[45]
Overfull \hbox (16.46837pt too wide) in paragraph at lines 875--876
[]\OT1/cmr/m/n/12 A \OT1/cmr/m/it/12 network-specific \OT1/cmr/m/n/12 ap-proach
, which can be called a skin-deep \OT1/cmr/m/it/12 measurement-
 []

[46] [47] [48] [49] [50] [51] [52]
Overfull \hbox (8.09567pt too wide) detected at line 936
\OML/cmm/m/it/12 ^^U[]\OT1/cmr/m/n/12 (\OML/cmm/m/it/12 x\OT1/cmr/m/n/12 ) = []
 []P[][][]\OML/cmm/m/it/12 :
 []

[53]
Overfull \hbox (5.81113pt too wide) in paragraph at lines 963--964
 []\OT1/cmr/bx/n/12 Gratification Func-tion \OT1/cmr/m/n/12 Some-times the or-d
er in which changes oc-cur makes
 []


Underfull \hbox (badness 10000) in paragraph at lines 963--964

 []

[54]
Overfull \hbox (17.57869pt too wide) in paragraph at lines 980--981
 []\OT1/cmr/bx/n/12 Markov Chain Tran-si-tion Rate Ma-trix \OT1/cmr/m/n/12 The 
com-po-nents of the developers-
 []


Underfull \hbox (badness 10000) in paragraph at lines 988--989

 []

[55] [56]pdfTeX warning (ext4): destination with the same identifier (name{equa
tion.0.4.13}) has been already used, duplicate ignored
<to be read again> 
                   \relax 
l.1015 \begin{equation}
                        [57]
Overfull \hbox (16.08467pt too wide) in paragraph at lines 1036--1037
[]\OT1/cmr/m/n/12 Activity, which re-flects the ten-dency of de-vel-op-ers with
 high in-degree/out-
 []

[58] [59] [60]
Underfull \hbox (badness 10000) in paragraph at lines 1129--1130

 []

[61] [62]
Overfull \hbox (60.55627pt too wide) in paragraph at lines 1164--1166
[]\OT1/cmr/m/n/12 The sim-u-la-tion out-put will be the ran-dom vari-ables $(\O
ML/cmm/m/it/12 S; R\OT1/cmr/m/n/12 ) = (\OML/cmm/m/it/12 S[]; :::; S[]; R[]; ::
:; R[]\OT1/cmr/m/n/12 )$.
 []

[63] [64] [65] [66]
Underfull \hbox (badness 10000) in paragraph at lines 1223--1224

 []

[67] [68]

Package caption Warning: \captionsetup{type*=...} or \captionof
(caption)                outside box or environment on input line 1297.
See the caption package documentation for explanation.


Package caption Warning: The option `hypcap=true' will be ignored for this
(caption)                particular \caption on input line 1297.
See the caption package documentation for explanation.

[69]

Package caption Warning: The option `hypcap=true' will be ignored for this
(caption)                particular \caption on input line 1336.
See the caption package documentation for explanation.

[70]

Package caption Warning: The option `hypcap=true' will be ignored for this
(caption)                particular \caption on input line 1370.
See the caption package documentation for explanation.

[71]

Package caption Warning: The option `hypcap=true' will be ignored for this
(caption)                particular \caption on input line 1408.
See the caption package documentation for explanation.

[72]

Package caption Warning: The option `hypcap=true' will be ignored for this
(caption)                particular \caption on input line 1446.
See the caption package documentation for explanation.

[73]

Package caption Warning: The option `hypcap=true' will be ignored for this
(caption)                particular \caption on input line 1484.
See the caption package documentation for explanation.

[74]

Package caption Warning: The option `hypcap=true' will be ignored for this
(caption)                particular \caption on input line 1522.
See the caption package documentation for explanation.

[75]

Package caption Warning: The option `hypcap=true' will be ignored for this
(caption)                particular \caption on input line 1556.
See the caption package documentation for explanation.

[76]

Package caption Warning: The option `hypcap=true' will be ignored for this
(caption)                particular \caption on input line 1587.
See the caption package documentation for explanation.

[77]

Package caption Warning: The option `hypcap=true' will be ignored for this
(caption)                particular \caption on input line 1625.
See the caption package documentation for explanation.

[78]

Package caption Warning: The option `hypcap=true' will be ignored for this
(caption)                particular \caption on input line 1663.
See the caption package documentation for explanation.

[79]
Underfull \hbox (badness 10000) in paragraph at lines 1706--1707

 []


Underfull \hbox (badness 10000) in paragraph at lines 1708--1709

 []


Underfull \hbox (badness 10000) in paragraph at lines 1710--1711

 []


Underfull \hbox (badness 10000) in paragraph at lines 1712--1713

 []

[80]
Underfull \hbox (badness 10000) in paragraph at lines 1714--1715

 []


Underfull \hbox (badness 10000) in paragraph at lines 1716--1717

 []

[81]
Underfull \hbox (badness 10000) in paragraph at lines 1718--1719

 []

[82]
Underfull \hbox (badness 10000) in paragraph at lines 1740--1741

 []

[83] [84] [85


]
Underfull \hbox (badness 1122) in paragraph at lines 1762--1762
[]|\OT1/cmr/bx/n/12 M.L. data ac-ces-si-
 []


Overfull \hbox (22.44205pt too wide) in paragraph at lines 1762--1763
[]|\OT1/cmr/bx/n/12 Collected?| 
 []


Overfull \hbox (1.46982pt too wide) in paragraph at lines 1776--1776
[]|\OT1/cmr/m/n/12 jMonkeyEngine| 
 []


Overfull \hbox (20.99762pt too wide) in paragraph at lines 1760--1782
 [][] 
 []

[86]
Overfull \vbox (97.00835pt too high) has occurred while \output is active []


[87]
Underfull \hbox (badness 1122) in paragraph at lines 1792--1792
[]|\OT1/cmr/bx/n/12 M.L. data ac-ces-si-
 []


Overfull \hbox (4.7184pt too wide) in paragraph at lines 1799--1799
[]|\OT1/cmr/m/n/12 GraphicsMagick| 
 []


Underfull \hbox (badness 4279) in paragraph at lines 1815--1815
[]|\OT1/cmr/m/n/12 Project Dark-
 []


Overfull \hbox (79.49524pt too wide) in paragraph at lines 1790--1824
 [][] 
 []


Overfull \vbox (344.7038pt too high) has occurred while \output is active []


[88]
Package epstopdf Info: Source file: <centrality.eps>
(epstopdf)                    date: 2015-11-05 12:44:05
(epstopdf)                    size: 1414850 bytes
(epstopdf)             Output file: <centrality-eps-converted-to.pdf>
(epstopdf)                    date: 2015-11-05 12:44:05
(epstopdf)                    size: 759320 bytes
(epstopdf)             Command: <repstopdf --outfile=centrality-eps-converted-t
o.pdf centrality.eps>
(epstopdf)             \includegraphics on input line 1835.
Package epstopdf Info: Output file is already uptodate.
 <centrality-eps-converted-to.pdf, id=1169, 1004.75375pt x 998.73125pt>
File: centrality-eps-converted-to.pdf Graphic file (type pdf)

<use centrality-eps-converted-to.pdf>
Package pdftex.def Info: centrality-eps-converted-to.pdf used on input line 183
5.
(pdftex.def)             Requested size: 272.99881pt x 271.35262pt.

Underfull \hbox (badness 10000) in paragraph at lines 1840--1841
[]\OT1/cmr/m/n/12 There are many ways of look-ing at an in-di-vid-ual's im-por-

 []

[89] [90 <./centrality-eps-converted-to.pdf>] [91]
Package epstopdf Info: Source file: <NodesEdgesTime.eps>
(epstopdf)                    date: 2015-11-05 12:44:05
(epstopdf)                    size: 30957 bytes
(epstopdf)             Output file: <NodesEdgesTime-eps-converted-to.pdf>
(epstopdf)                    date: 2015-11-05 12:44:05
(epstopdf)                    size: 23445 bytes
(epstopdf)             Command: <repstopdf --outfile=NodesEdgesTime-eps-convert
ed-to.pdf NodesEdgesTime.eps>
(epstopdf)             \includegraphics on input line 1854.
Package epstopdf Info: Output file is already uptodate.

<NodesEdgesTime-eps-converted-to.pdf, id=1205, 744.7825pt x 697.60625pt>
File: NodesEdgesTime-eps-converted-to.pdf Graphic file (type pdf)

<use NodesEdgesTime-eps-converted-to.pdf>
Package pdftex.def Info: NodesEdgesTime-eps-converted-to.pdf used on input line
 1854.
(pdftex.def)             Requested size: 390.0pt x 365.30139pt.
Package epstopdf Info: Source file: <DiameterTime.eps>
(epstopdf)                    date: 2015-11-05 12:44:05
(epstopdf)                    size: 23650 bytes
(epstopdf)             Output file: <DiameterTime-eps-converted-to.pdf>
(epstopdf)                    date: 2015-11-05 12:44:05
(epstopdf)                    size: 17890 bytes
(epstopdf)             Command: <repstopdf --outfile=DiameterTime-eps-converted
-to.pdf DiameterTime.eps>
(epstopdf)             \includegraphics on input line 1861.
Package epstopdf Info: Output file is already uptodate.

<DiameterTime-eps-converted-to.pdf, id=1206, 744.7825pt x 697.60625pt>
File: DiameterTime-eps-converted-to.pdf Graphic file (type pdf)

<use DiameterTime-eps-converted-to.pdf>
Package pdftex.def Info: DiameterTime-eps-converted-to.pdf used on input line 1
861.
(pdftex.def)             Requested size: 390.0pt x 365.30139pt.
 [92]

LaTeX Warning: Text page 93 contains only floats.

[93 <./NodesEdgesTime-eps-converted-to.pdf>] [94 <./DiameterTime-eps-converted-
to.pdf>] <2.png, id=1247, 502.87875pt x 520.94624pt> <use 2.png>
<3.png, id=1248, 576.1525pt x 636.3775pt> <use 3.png>
<5.png, id=1249, 591.20876pt x 576.1525pt> <use 5.png>
<7.png, id=1250, 576.1525pt x 575.14874pt> <use 7.png> <use 2.png> <use 3.png>
<use 5.png> <use 7.png>
File: 2.png Graphic file (type png)
 <use 2.png>
Package pdftex.def Info: 2.png used on input line 1882.
(pdftex.def)             Requested size: 97.49696pt x 97.49435pt.
File: 3.png Graphic file (type png)
 <use 3.png>
Package pdftex.def Info: 3.png used on input line 1882.
(pdftex.def)             Requested size: 97.49626pt x 97.49167pt.
File: 5.png Graphic file (type png)
 <use 5.png>
Package pdftex.def Info: 5.png used on input line 1882.
(pdftex.def)             Requested size: 97.50012pt x 97.49626pt.
File: 7.png Graphic file (type png)
 <use 7.png>
Package pdftex.def Info: 7.png used on input line 1882.
(pdftex.def)             Requested size: 97.49626pt x 97.49315pt.

Overfull \hbox (53.98961pt too wide) in alignment at lines 1882--1882
[][][]
 []


LaTeX Warning: File `Kamailio_chart.eps' not found on input line 1890.

Package epstopdf Info: Source file: <Kamailio_chart.eps>
(epstopdf)             Output file: <Kamailio_chart-eps-converted-to.pdf>
(epstopdf)                    date: 2015-11-05 12:44:05
(epstopdf)                    size: 268635 bytes
(epstopdf)             Command: <repstopdf --outfile=Kamailio_chart-eps-convert
ed-to.pdf Kamailio_chart.eps>
(epstopdf)             \includegraphics on input line 1890.
Package epstopdf Info: Output file is already uptodate.
<Kamailio_chart-eps-converted-to.pdf, id=1251, 1229.59375pt x 506.89375pt>
File: Kamailio_chart-eps-converted-to.pdf Graphic file (type pdf)

<use Kamailio_chart-eps-converted-to.pdf>
Package pdftex.def Info: Kamailio_chart-eps-converted-to.pdf used on input line
 1890.
(pdftex.def)             Requested size: 390.0pt x 160.77841pt.
Package epstopdf Info: Source file: <Kamailio_diameter.eps>
(epstopdf)                    date: 2015-11-05 12:44:05
(epstopdf)                    size: 73893 bytes
(epstopdf)             Output file: <Kamailio_diameter-eps-converted-to.pdf>
(epstopdf)                    date: 2015-11-05 12:44:05
(epstopdf)                    size: 11882 bytes
(epstopdf)             Command: <repstopdf --outfile=Kamailio_diameter-eps-conv
erted-to.pdf Kamailio_diameter.eps>
(epstopdf)             \includegraphics on input line 1892.
Package epstopdf Info: Output file is already uptodate.

<Kamailio_diameter-eps-converted-to.pdf, id=1252, 1229.59375pt x 145.54375pt>
File: Kamailio_diameter-eps-converted-to.pdf Graphic file (type pdf)

<use Kamailio_diameter-eps-converted-to.pdf>
Package pdftex.def Info: Kamailio_diameter-eps-converted-to.pdf used on input l
ine 1892.
(pdftex.def)             Requested size: 390.0pt x 46.1641pt.
 [95 <./2.png (PNG copy)> <./3.png (PNG copy)> <./5.png (PNG copy)> <./7.png (P
NG copy)>]

LaTeX Warning: File `Amarok_chart.eps' not found on input line 1904.

Package epstopdf Info: Source file: <Amarok_chart.eps>
(epstopdf)             Output file: <Amarok_chart-eps-converted-to.pdf>
(epstopdf)                    date: 2015-11-05 12:44:05
(epstopdf)                    size: 348509 bytes
(epstopdf)             Command: <repstopdf --outfile=Amarok_chart-eps-converted
-to.pdf Amarok_chart.eps>
(epstopdf)             \includegraphics on input line 1904.
Package epstopdf Info: Output file is already uptodate.
<Amarok_chart-eps-converted-to.pdf, id=1264, 1233.60875pt x 521.95pt>
File: Amarok_chart-eps-converted-to.pdf Graphic file (type pdf)

<use Amarok_chart-eps-converted-to.pdf>
Package pdftex.def Info: Amarok_chart-eps-converted-to.pdf used on input line 1
904.
(pdftex.def)             Requested size: 390.0pt x 165.01244pt.
Package epstopdf Info: Source file: <Amarok_diameter.eps>
(epstopdf)                    date: 2015-11-05 12:44:05
(epstopdf)                    size: 77479 bytes
(epstopdf)             Output file: <Amarok_diameter-eps-converted-to.pdf>
(epstopdf)                    date: 2015-11-05 12:44:05
(epstopdf)                    size: 12377 bytes
(epstopdf)             Command: <repstopdf --outfile=Amarok_diameter-eps-conver
ted-to.pdf Amarok_diameter.eps>
(epstopdf)             \includegraphics on input line 1906.
Package epstopdf Info: Output file is already uptodate.

<Amarok_diameter-eps-converted-to.pdf, id=1265, 1229.59375pt x 145.54375pt>
File: Amarok_diameter-eps-converted-to.pdf Graphic file (type pdf)

<use Amarok_diameter-eps-converted-to.pdf>
Package pdftex.def Info: Amarok_diameter-eps-converted-to.pdf used on input lin
e 1906.
(pdftex.def)             Requested size: 360.75119pt x 42.70184pt.
 [96 <./Kamailio_chart-eps-converted-to.pdf> <./Kamailio_diameter-eps-converted
-to.pdf>]

LaTeX Warning: File `Asterisk_chart.eps' not found on input line 1916.

Package epstopdf Info: Source file: <Asterisk_chart.eps>
(epstopdf)             Output file: <Asterisk_chart-eps-converted-to.pdf>
(epstopdf)                    date: 2015-11-05 12:44:05
(epstopdf)                    size: 304010 bytes
(epstopdf)             Command: <repstopdf --outfile=Asterisk_chart-eps-convert
ed-to.pdf Asterisk_chart.eps>
(epstopdf)             \includegraphics on input line 1916.
Package epstopdf Info: Output file is already uptodate.
<Asterisk_chart-eps-converted-to.pdf, id=1280, 1223.57124pt x 523.9575pt>
File: Asterisk_chart-eps-converted-to.pdf Graphic file (type pdf)

<use Asterisk_chart-eps-converted-to.pdf>
Package pdftex.def Info: Asterisk_chart-eps-converted-to.pdf used on input line
 1916.
(pdftex.def)             Requested size: 390.0pt x 167.00624pt.
Package epstopdf Info: Source file: <Asterisk_diameter.eps>
(epstopdf)                    date: 2015-11-05 12:44:05
(epstopdf)                    size: 80121 bytes
(epstopdf)             Output file: <Asterisk_diameter-eps-converted-to.pdf>
(epstopdf)                    date: 2015-11-05 12:44:05
(epstopdf)                    size: 12112 bytes
(epstopdf)             Command: <repstopdf --outfile=Asterisk_diameter-eps-conv
erted-to.pdf Asterisk_diameter.eps>
(epstopdf)             \includegraphics on input line 1918.
Package epstopdf Info: Output file is already uptodate.

<Asterisk_diameter-eps-converted-to.pdf, id=1281, 1230.5975pt x 145.54375pt>
File: Asterisk_diameter-eps-converted-to.pdf Graphic file (type pdf)

<use Asterisk_diameter-eps-converted-to.pdf>
Package pdftex.def Info: Asterisk_diameter-eps-converted-to.pdf used on input l
ine 1918.
(pdftex.def)             Requested size: 366.60095pt x 43.35698pt.
 [97 <./Amarok_chart-eps-converted-to.pdf> <./Amarok_diameter-eps-converted-to.
pdf>] [98 <./Asterisk_chart-eps-converted-to.pdf> <./Asterisk_diameter-eps-conv
erted-to.pdf>]
Underfull \hbox (badness 10000) in paragraph at lines 1928--1929

 []

[99] [100] [101] [102] [103] [104] (./referenc.tex [105

] [106]
Underfull \hbox (badness 10000) in paragraph at lines 76--78
[]\OT1/cmr/m/n/12 Feuerriegel S. and N. Proel-lochs. ``\OT1/cmr/m/it/12 Sen-ti-
men-t-Anal-y-sis:
 []


Underfull \hbox (badness 3872) in paragraph at lines 76--78
\OT1/cmr/m/it/12 Dictionary-based sen-ti-ment anal-y-sis\OT1/cmr/m/n/12 '', R p
ack-age ver-sion 1.1-0.
 []

[107] [108]
Underfull \hbox (badness 10000) in paragraph at lines 107--108
[]\OT1/cmr/m/n/12 Lopez-de-Lacalle, J. ``\OT1/cmr/m/it/12 tsout-liers: De-tec-t
ion of Out-liers in
 []


Underfull \hbox (badness 10000) in paragraph at lines 107--108
\OT1/cmr/m/it/12 Time Se-ries\OT1/cmr/m/n/12 '', R pack-age ver-sion 0.6-5. htt
ps://CRAN.R-
 []

[109] [110] [111] [112])
No file dissertation.bbl.
[113]
Package atveryend Info: Empty hook `BeforeClearDocument' on input line 2160.
Package atveryend Info: Empty hook `AfterLastShipout' on input line 2160.
 (./dissertation.aux)
Package atveryend Info: Executing hook `AtVeryEndDocument' on input line 2160.
Package atveryend Info: Executing hook `AtEndAfterFileList' on input line 2160.



Package rerunfilecheck Warning: File `dissertation.out' has changed.
(rerunfilecheck)                Rerun to get outlines right
(rerunfilecheck)                or use package `bookmark'.

Package rerunfilecheck Info: Checksums for `dissertation.out':
(rerunfilecheck)             Before: 09936609444C90EFFDA0F338E3638F26;1438
(rerunfilecheck)             After:  1C8C63C23564FA51A4992DAB1BA3A41F;1438.

LaTeX Warning: There were multiply-defined labels.

Package atveryend Info: Empty hook `AtVeryVeryEnd' on input line 2160.
 ) 
Here is how much of TeX's memory you used:
 27756 strings out of 494953
 532115 string characters out of 6180978
 595870 words of memory out of 5000000
 30220 multiletter control sequences out of 15000+600000
 11465 words of font info for 41 fonts, out of 8000000 for 9000
 14 hyphenation exceptions out of 8191
 55i,24n,56p,10363b,680s stack positions out of 5000i,500n,10000p,200000b,80000s
pdfTeX warning (dest): name{paragraph.0.2.0.0.1} has been referenced but does
 not exist, replaced by a fixed one

pdfTeX warning (dest): name{table.caption.55} has been referenced but does not 
exist, replaced by a fixed one

pdfTeX warning (dest): name{table.caption.30} has been referenced but does not 
exist, replaced by a fixed one

pdfTeX warning (dest): name{table.caption.20} has been referenced but does not 
exist, replaced by a fixed one

pdfTeX warning (dest): name{table.caption.10} has been referenced but does not 
exist, replaced by a fixed one

pdfTeX warning (dest): name{table.caption.6} has been referenced but does not e
xist, replaced by a fixed one

pdfTeX warning (dest): name{figure.caption.57} has been referenced but does not
 exist, replaced by a fixed one

pdfTeX warning (dest): name{figure.caption.28} has been referenced but does not
 exist, replaced by a fixed one

pdfTeX warning (dest): name{figure.caption.12} has been referenced but does not
 exist, replaced by a fixed one

</usr/share/texlive/texmf-dist/fonts/type1/public/amsfonts/cm/cmbx10.pfb></usr/
share/texlive/texmf-dist/fonts/type1/public/amsfonts/cm/cmbx12.pfb></usr/share/
texlive/texmf-dist/fonts/type1/public/amsfonts/cm/cmex10.pfb></usr/share/texliv
e/texmf-dist/fonts/type1/public/amsfonts/cm/cmmi10.pfb></usr/share/texlive/texm
f-dist/fonts/type1/public/amsfonts/cm/cmmi12.pfb></usr/share/texlive/texmf-dist
/fonts/type1/public/amsfonts/cm/cmmi6.pfb></usr/share/texlive/texmf-dist/fonts/
type1/public/amsfonts/cm/cmmi8.pfb></usr/share/texlive/texmf-dist/fonts/type1/p
ublic/amsfonts/cm/cmr10.pfb></usr/share/texlive/texmf-dist/fonts/type1/public/a
msfonts/cm/cmr12.pfb></usr/share/texlive/texmf-dist/fonts/type1/public/amsfonts
/cm/cmr17.pfb></usr/share/texlive/texmf-dist/fonts/type1/public/amsfonts/cm/cmr
6.pfb></usr/share/texlive/texmf-dist/fonts/type1/public/amsfonts/cm/cmr7.pfb></
usr/share/texlive/texmf-dist/fonts/type1/public/amsfonts/cm/cmr8.pfb></usr/shar
e/texlive/texmf-dist/fonts/type1/public/amsfonts/cm/cmsy10.pfb></usr/share/texl
ive/texmf-dist/fonts/type1/public/amsfonts/cm/cmsy7.pfb></usr/share/texlive/tex
mf-dist/fonts/type1/public/amsfonts/cm/cmsy8.pfb></usr/share/texlive/texmf-dist
/fonts/type1/public/amsfonts/cm/cmti12.pfb>
Output written on dissertation.pdf (114 pages, 3327502 bytes).
PDF statistics:
 1543 PDF objects out of 1728 (max. 8388607)
 1292 compressed objects within 13 object streams
 384 named destinations out of 1000 (max. 500000)
 394 words of extra memory for PDF output out of 10000 (max. 10000000)

