\BOOKMARK [1][-]{section.1}{Introduction}{}% 1
\BOOKMARK [2][-]{subsection.1.1}{Research Goals}{section.1}% 2
\BOOKMARK [1][-]{section.2}{Related Work}{}% 3
\BOOKMARK [1][-]{section.3}{Methodology and Results}{}% 4
\BOOKMARK [2][-]{subsection.3.1}{Time series analysis of open source developers’ collaboration communication sentiments}{section.3}% 5
\BOOKMARK [2][-]{subsection.3.2}{Outlier Detection Models}{section.3}% 6
\BOOKMARK [2][-]{subsection.3.3}{Outlier Estimation}{section.3}% 7
\BOOKMARK [2][-]{subsection.3.4}{Outlier Detection}{section.3}% 8
\BOOKMARK [2][-]{subsection.3.5}{Social network analysis of open source developers’ interaction graphs}{section.3}% 9
\BOOKMARK [2][-]{subsection.3.6}{Structural Effects}{section.3}% 10
\BOOKMARK [2][-]{subsection.3.7}{Behavior-related Effects}{section.3}% 11
\BOOKMARK [1][-]{section.4}{Discussion}{}% 12
\BOOKMARK [1][-]{section.5}{Threats to Validity}{}% 13
\BOOKMARK [1][-]{section*.51}{Appendices}{}% 14
\BOOKMARK [1][-]{Appendix.1.A}{Appendix A: List of projects forked for undesirable reasons}{}% 15
\BOOKMARK [1][-]{Appendix.1.B}{Appendix B: Initial study: Temporal analysis using the network-specific measurement approach}{}% 16
\BOOKMARK [2][-]{subsection.1.B.1}{Visualization}{Appendix.1.B}% 17
\BOOKMARK [2][-]{subsection.1.B.2}{Initial study results and discussion}{Appendix.1.B}% 18
\BOOKMARK [1][-]{Appendix.1.C}{Appendix C: Mathematical Definition of Effects in the Statistical Model}{}% 19
\BOOKMARK [2][-]{subsection.1.C.1}{Structural Effects for the Objective Function}{Appendix.1.C}% 20
\BOOKMARK [2][-]{subsection.1.C.2}{Behavior-related Effects}{Appendix.1.C}% 21
\BOOKMARK [0][-]{section*.61}{Bibliography}{}% 22
